  Task_51_2.cpp
E:\BSU\CAKOD\Task_51_2\Task_51_2\Task_51_2.cpp(13,40): error C2065: Edge»: необъявленный идентификатор
E:\BSU\CAKOD\Task_51_2\Task_51_2\Task_51_2.cpp(13,48): error C2065: adj: необъявленный идентификатор
E:\BSU\CAKOD\Task_51_2\Task_51_2\Task_51_2.cpp(13,57): error C2146: синтаксическая ошибка: отсутствие ">" перед идентификатором "start"
E:\BSU\CAKOD\Task_51_2\Task_51_2\Task_51_2.cpp(13,73): error C2143: синтаксическая ошибка: отсутствие ";" перед "{"
E:\BSU\CAKOD\Task_51_2\Task_51_2\Task_51_2.cpp(17,57): error C2065: int»: необъявленный идентификатор
E:\BSU\CAKOD\Task_51_2\Task_51_2\Task_51_2.cpp(17,84): error C2065: int»: необъявленный идентификатор
E:\BSU\CAKOD\Task_51_2\Task_51_2\Task_51_2.cpp(17,74): error C2923: std::pair: "int»" не является допустимым аргументом типа шаблон для параметра "_Ty2"
      E:\BSU\CAKOD\Task_51_2\Task_51_2\Task_51_2.cpp(17,84):
       см. объявление "int»"
  
E:\BSU\CAKOD\Task_51_2\Task_51_2\Task_51_2.cpp(17,74): error C2955: "std::pair": для использования класс шаблон требуется список аргументов шаблон
      C:\Program Files\Microsoft Visual Studio\2022\Community\VC\Tools\MSVC\14.41.34120\include\utility(219,8):
       см. объявление "std::pair"
  
E:\BSU\CAKOD\Task_51_2\Task_51_2\Task_51_2.cpp(17,91): error C2146: синтаксическая ошибка: отсутствие ">" перед идентификатором "pq"
E:\BSU\CAKOD\Task_51_2\Task_51_2\Task_51_2.cpp(17,93): error C2143: синтаксическая ошибка: отсутствие ">" перед ";"
E:\BSU\CAKOD\Task_51_2\Task_51_2\Task_51_2.cpp(18,13): error C2143: синтаксическая ошибка: отсутствие ";" перед "{"
E:\BSU\CAKOD\Task_51_2\Task_51_2\Task_51_2.cpp(18,13): error C2143: синтаксическая ошибка: отсутствие ")" перед ";"
E:\BSU\CAKOD\Task_51_2\Task_51_2\Task_51_2.cpp(18,18): error C2065: start: необъявленный идентификатор
E:\BSU\CAKOD\Task_51_2\Task_51_2\Task_51_2.cpp(18,25): error C2059: синтаксическая ошибка: )
E:\BSU\CAKOD\Task_51_2\Task_51_2\Task_51_2.cpp(20,25): error C2143: синтаксическая ошибка: отсутствие ";" перед "{"
E:\BSU\CAKOD\Task_51_2\Task_51_2\Task_51_2.cpp(25,15): error C2947: требуется ">" для завершения список аргументов шаблона, обнаружено ">"
E:\BSU\CAKOD\Task_51_2\Task_51_2\Task_51_2.cpp(25,17): error C2146: синтаксическая ошибка: отсутствие ">" перед идентификатором "dist"
E:\BSU\CAKOD\Task_51_2\Task_51_2\Task_51_2.cpp(27,33): error C2065: adj: необъявленный идентификатор
E:\BSU\CAKOD\Task_51_2\Task_51_2\Task_51_2.cpp(27,41): error C2143: синтаксическая ошибка: отсутствие ";" перед "{"
E:\BSU\CAKOD\Task_51_2\Task_51_2\Task_51_2.cpp(31,34): error C2947: требуется ">" для завершения список аргументов шаблона, обнаружено "<"
E:\BSU\CAKOD\Task_51_2\Task_51_2\Task_51_2.cpp(31,41): error C2065: v: необъявленный идентификатор
E:\BSU\CAKOD\Task_51_2\Task_51_2\Task_51_2.cpp(32,22): error C2065: v: необъявленный идентификатор
E:\BSU\CAKOD\Task_51_2\Task_51_2\Task_51_2.cpp(32,32): error C2065: u: необъявленный идентификатор
E:\BSU\CAKOD\Task_51_2\Task_51_2\Task_51_2.cpp(32,37): error C2065: weight: необъявленный идентификатор
E:\BSU\CAKOD\Task_51_2\Task_51_2\Task_51_2.cpp(32,25): error C3863: тип массива "unknown-type [0]" является неназначаемым
E:\BSU\CAKOD\Task_51_2\Task_51_2\Task_51_2.cpp(33,17): error C2065: pq: необъявленный идентификатор
E:\BSU\CAKOD\Task_51_2\Task_51_2\Task_51_2.cpp(33,32): error C2065: v: необъявленный идентификатор
E:\BSU\CAKOD\Task_51_2\Task_51_2\Task_51_2.cpp(33,36): error C2065: v: необъявленный идентификатор
E:\BSU\CAKOD\Task_51_2\Task_51_2\Task_51_2.cpp(35,9): error C2059: синтаксическая ошибка: }
E:\BSU\CAKOD\Task_51_2\Task_51_2\Task_51_2.cpp(35,9): error C2143: синтаксическая ошибка: отсутствие ";" перед "}"
E:\BSU\CAKOD\Task_51_2\Task_51_2\Task_51_2.cpp(36,5): error C2143: синтаксическая ошибка: отсутствие ";" перед "}"
E:\BSU\CAKOD\Task_51_2\Task_51_2\Task_51_2.cpp(36,5): error C2059: синтаксическая ошибка: }
E:\BSU\CAKOD\Task_51_2\Task_51_2\Task_51_2.cpp(38,31): error C2143: синтаксическая ошибка: отсутствие ";" перед "{"
E:\BSU\CAKOD\Task_51_2\Task_51_2\Task_51_2.cpp(38,31): error C2447: {: отсутствует заголовок функции (возможно, используется формальный список старого типа)
E:\BSU\CAKOD\Task_51_2\Task_51_2\Task_51_2.cpp(39,14): error C3873: "0xab": этот символ недопустим как первый символ идентификатора
E:\BSU\CAKOD\Task_51_2\Task_51_2\Task_51_2.cpp(39,42): error C3873: "0xab": этот символ недопустим как первый символ идентификатора
E:\BSU\CAKOD\Task_51_2\Task_51_2\Task_51_2.cpp(39,49): error C3873: "0xab": этот символ недопустим как первый символ идентификатора
E:\BSU\CAKOD\Task_51_2\Task_51_2\Task_51_2.cpp(41,5): error C2059: синтаксическая ошибка: else
E:\BSU\CAKOD\Task_51_2\Task_51_2\Task_51_2.cpp(41,10): error C2143: синтаксическая ошибка: отсутствие ";" перед "{"
E:\BSU\CAKOD\Task_51_2\Task_51_2\Task_51_2.cpp(41,10): error C2447: {: отсутствует заголовок функции (возможно, используется формальный список старого типа)
E:\BSU\CAKOD\Task_51_2\Task_51_2\Task_51_2.cpp(42,14): error C3873: "0xab": этот символ недопустим как первый символ идентификатора
E:\BSU\CAKOD\Task_51_2\Task_51_2\Task_51_2.cpp(42,82): error C3873: "0xab": этот символ недопустим как первый символ идентификатора
E:\BSU\CAKOD\Task_51_2\Task_51_2\Task_51_2.cpp(42,89): error C3873: "0xab": этот символ недопустим как первый символ идентификатора
E:\BSU\CAKOD\Task_51_2\Task_51_2\Task_51_2.cpp(42,97): error C3873: "0xab": этот символ недопустим как первый символ идентификатора
E:\BSU\CAKOD\Task_51_2\Task_51_2\Task_51_2.cpp(42,110): error C3873: "0xab": этот символ недопустим как первый символ идентификатора
E:\BSU\CAKOD\Task_51_2\Task_51_2\Task_51_2.cpp(44,1): error C2059: синтаксическая ошибка: }
E:\BSU\CAKOD\Task_51_2\Task_51_2\Task_51_2.cpp(44,1): error C2143: синтаксическая ошибка: отсутствие ";" перед "}"
E:\BSU\CAKOD\Task_51_2\Task_51_2\Task_51_2.cpp(46,12): error C2143: синтаксическая ошибка: отсутствие ";" перед "{"
E:\BSU\CAKOD\Task_51_2\Task_51_2\Task_51_2.cpp(46,12): error C2447: {: отсутствует заголовок функции (возможно, используется формальный список старого типа)
E:\BSU\CAKOD\Task_51_2\Task_51_2\Task_51_2.cpp(49,10): error C3873: "0xab": этот символ недопустим как первый символ идентификатора
E:\BSU\CAKOD\Task_51_2\Task_51_2\Task_51_2.cpp(50,9): error C3873: "0xbb": этот символ недопустим как первый символ идентификатора
E:\BSU\CAKOD\Task_51_2\Task_51_2\Task_51_2.cpp(50,14): error C3873: "0xbb": этот символ недопустим как первый символ идентификатора
E:\BSU\CAKOD\Task_51_2\Task_51_2\Task_51_2.cpp(52,23): error C3872: 0xbb: этот символ невозможно использовать в идентификаторе
E:\BSU\CAKOD\Task_51_2\Task_51_2\Task_51_2.cpp(54,10): error C3873: "0xab": этот символ недопустим как первый символ идентификатора
E:\BSU\CAKOD\Task_51_2\Task_51_2\Task_51_2.cpp(57,13): error C3873: "0xbb": этот символ недопустим как первый символ идентификатора
E:\BSU\CAKOD\Task_51_2\Task_51_2\Task_51_2.cpp(57,18): error C3873: "0xbb": этот символ недопустим как первый символ идентификатора
E:\BSU\CAKOD\Task_51_2\Task_51_2\Task_51_2.cpp(57,23): error C3873: "0xbb": этот символ недопустим как первый символ идентификатора
E:\BSU\CAKOD\Task_51_2\Task_51_2\Task_51_2.cpp(63,10): error C3873: "0xab": этот символ недопустим как первый символ идентификатора
E:\BSU\CAKOD\Task_51_2\Task_51_2\Task_51_2.cpp(64,9): error C3873: "0xbb": этот символ недопустим как первый символ идентификатора
E:\BSU\CAKOD\Task_51_2\Task_51_2\Task_51_2.cpp(65,10): error C3873: "0xab": этот символ недопустим как первый символ идентификатора
E:\BSU\CAKOD\Task_51_2\Task_51_2\Task_51_2.cpp(66,9): error C3873: "0xbb": этот символ недопустим как первый символ идентификатора
